<?xml version="1.0" encoding="UTF-8"?>
<testsuite name="ec.edu.espol.CalServiceTest" tests="1" skipped="0" failures="0" errors="0" timestamp="2015-12-25T02:28:01" hostname="ctmaLAP" time="0.362">
  <properties/>
  <testcase name="testAddTwoNumbers" classname="ec.edu.espol.CalServiceTest" time="0.362"/>
  <system-out><![CDATA[]]></system-out>
  <system-err><![CDATA[]]></system-err>
</testsuite>
